<?xml version='1.0' encoding='UTF-8'?>
<testsuite hostname="Rifki" name="LFSRTest" tests="1" errors="0" failures="0" skipped="0" time="2.827" timestamp="2025-10-03T18:36:10">
          <properties>
      <property name="java.specification.version" value="17"/><property name="sun.cpu.isalist" value="amd64"/><property name="sun.jnu.encoding" value="Cp1252"/><property name="sun.arch.data.model" value="64"/><property name="java.vendor.url" value="https://java.oracle.com/"/><property name="sun.boot.library.path" value="C:\Program Files\Java\jdk-17\bin"/><property name="sun.java.command" value="xsbt.boot.Boot test"/><property name="jdk.debug" value="release"/><property name="sun.stderr.encoding" value="cp437"/><property name="java.specification.vendor" value="Oracle Corporation"/><property name="java.version.date" value="2025-01-21"/><property name="java.home" value="C:\Program Files\Java\jdk-17"/><property name="file.separator" value="\"/><property name="java.vm.compressedOopsMode" value="32-bit"/><property name="line.separator" value="
"/><property name="sun.stdout.encoding" value="cp437"/><property name="java.vm.specification.vendor" value="Oracle Corporation"/><property name="java.specification.name" value="Java Platform API Specification"/><property name="user.script" value=""/><property name="sun.management.compiler" value="HotSpot 64-Bit Tiered Compilers"/><property name="java.runtime.version" value="17.0.14+8-LTS-191"/><property name="user.name" value="Rifki"/><property name="log4j.ignoreTCL" value="true"/><property name="file.encoding" value="UTF-8"/><property name="jnidispatch.path" value="C:\Users\Rifki\AppData\Local\Temp\jna-78958221\jna16504509261610152723.dll"/><property name="jna.loaded" value="true"/><property name="java.io.tmpdir" value="C:\Users\Rifki\AppData\Local\Temp\"/><property name="java.version" value="17.0.14"/><property name="java.vm.specification.name" value="Java Virtual Machine Specification"/><property name="sun.os.patch.level" value=""/><property name="native.encoding" value="Cp1252"/><property name="java.library.path" value="C:\Program Files\Java\jdk-17\bin;C:\WINDOWS\Sun\Java\bin;C:\WINDOWS\system32;C:\WINDOWS;C:\Program Files\Java\jdk-17\bin;C:\ProgramData\miniconda3;C:\ProgramData\miniconda3\Library\mingw-w64\bin;C:\ProgramData\miniconda3\Library\usr\bin;C:\ProgramData\miniconda3\Library\bin;C:\ProgramData\miniconda3\Scripts;C:\ProgramData\miniconda3\bin;C:\Program Files\NVIDIA GPU Computing Toolkit\CUDA\v11.8\bin;C:\Program Files\NVIDIA GPU Computing Toolkit\CUDA\v11.8\libnvvp;.;C:\WINDOWS\system32;C:\WINDOWS;C:\WINDOWS\System32\Wbem;C:\WINDOWS\System32\WindowsPowerShell\v1.0;C:\WINDOWS\System32\OpenSSH;C:\Program Files (x86)\NVIDIA Corporation\PhysX\Common;C:\Program Files\dotnet;C:\ProgramData\miniconda3\condabin;C:\Program Files\PuTTY;C:\Program Files\MATLAB\R2024b\runtime\win64;C:\Program Files\MATLAB\R2024b\bin;C:\Program Files\CMake\bin;C:\Program Files\NVIDIA Corporation\NVIDIA app\NvDLISR;C:\Program Files\nodejs;C:\Program Files\Git\cmd;C:\Program Files\GitHub CLI;C:\ProgramData\chocolatey\bin;C:\Program Files\Docker\Docker\resources\bin;C:\Program Files (x86)\sbt\bin;C:\Program Files\NVIDIA Corporation\Nsight Compute 2022.3.0;C:\Program Files\MySQL\MySQL Shell 8.0\bin;C:\Users\Rifki\AppData\Local\Programs\Python\Launcher;C:\Users\Rifki\AppData\Local\Microsoft\WindowsApps;C:\Users\Rifki\AppData\Local\Programs\Microsoft VS Code\bin;C:\ProgramData\miniconda3\condabin;C:\Program Files\JetBrains\IntelliJ IDEA Community Edition 2024.3.1.1\bin;.;C:\Program Files\NVIDIA GPU Computing Toolkit\cuDNN\bin;C:\Program Files\NVIDIA GPU Computing Toolkit\cuDNN\include;C:\Program Files\NVIDIA GPU Computing Toolkit\cuDNN\lib\x64;C:\Program Files\JetBrains\PyCharm 2024.3.1.1\bin;.;C:\Program Files\msys64\ucrt64\bin;C:\Users\Rifki\AppData\Local\Programs\Ollama;C:\Users\Rifki\AppData\Roaming\npm;C:\Program Files\GitHub CLI;C:\Program Files\Java\jdk-17\bin;C:\Program Files\apache-maven-3.9.9\bin;C:\Program Files (x86)\sbt\bin;C:\Users\Rifki\AppData\Local\studio\bin;C:\Program Files\NVIDIA GPU Computing Toolkit\CUDA\v11.8\bin;.;C:\ghcup\bin;c:\Users\Rifki\.vscode\extensions\ms-python.debugpy-2025.10.0-win32-x64\bundled\scripts\noConfigScripts;c:\Users\Rifki\AppData\Roaming\Code\User\globalStorage\github.copilot-chat\debugCommand;."/><property name="java.vendor" value="Oracle Corporation"/><property name="java.specification.maintenance.version" value="1"/><property name="scala.ext.dirs" value="C:\Users\Rifki\.sbt\1.0\java9-rt-ext-oracle_corporation_17_0_14"/><property name="sun.io.unicode.encoding" value="UnicodeLittle"/><property name="java.class.path" value="C:\Program Files (x86)\sbt\\bin\sbt-launch.jar"/><property name="java.vm.vendor" value="Oracle Corporation"/><property name="user.variant" value=""/><property name="jline.shutdownhook" value="false"/><property name="user.timezone" value="Europe/Copenhagen"/><property name="java.vm.specification.version" value="17"/><property name="os.name" value="Windows 11"/><property name="sun.java.launcher" value="SUN_STANDARD"/><property name="user.country" value="ID"/><property name="sun.cpu.endian" value="little"/><property name="user.home" value="C:\Users\Rifki"/><property name="user.language" value="en"/><property name="sbt.ipcsocket.tmpdir" value="C:\Users\Rifki\AppData\Local\Temp\.sbt38f17dff\ipcsocket"/><property name="swoval.tmpdir" value="C:\Users\Rifki\AppData\Local\Temp\.sbt38f17dff\swoval"/><property name="jline.esc.timeout" value="0"/><property name="path.separator" value=";"/><property name="os.version" value="10.0"/><property name="jna.nosys" value="true"/><property name="java.runtime.name" value="Java(TM) SE Runtime Environment"/><property name="java.vm.name" value="Java HotSpot(TM) 64-Bit Server VM"/><property name="java.vendor.url.bug" value="https://bugreport.java.com/bugreport/"/><property name="user.dir" value="C:\Users\Rifki\Personal\CollegeWorkspace\AgileHW\ChiselLearning\lfsr"/><property name="os.arch" value="amd64"/><property name="java.vm.info" value="mixed mode, sharing"/><property name="java.vm.version" value="17.0.14+8-LTS-191"/><property name="java.class.version" value="61.0"/>
    </properties>
          <testcase classname="LFSRTest" name="LFSR should generate sequence of number" time="2.827">
                      
                    </testcase>
          <system-out><![CDATA[]]></system-out>
          <system-err><![CDATA[]]></system-err>
        </testsuite>